Analysis & Synthesis report for UART_Cyc1000
Mon Jan 13 01:56:59 2020
Quartus Prime Version 18.1.0 Build 625 09/12/2018 SJ Lite Edition


---------------------
; Table of Contents ;
---------------------
  1. Legal Notice
  2. Analysis & Synthesis Summary
  3. Analysis & Synthesis Settings
  4. Parallel Compilation
  5. Analysis & Synthesis Messages



----------------
; Legal Notice ;
----------------
Copyright (C) 2018  Intel Corporation. All rights reserved.
Your use of Intel Corporation's design tools, logic functions 
and other software and tools, and its AMPP partner logic 
functions, and any output files from any of the foregoing 
(including device programming or simulation files), and any 
associated documentation or information are expressly subject 
to the terms and conditions of the Intel Program License 
Subscription Agreement, the Intel Quartus Prime License Agreement,
the Intel FPGA IP License Agreement, or other applicable license
agreement, including, without limitation, that your use is for
the sole purpose of programming logic devices manufactured by
Intel and sold by Intel or its authorized distributors.  Please
refer to the applicable agreement for further details.



+----------------------------------------------------------------------------------+
; Analysis & Synthesis Summary                                                     ;
+------------------------------------+---------------------------------------------+
; Analysis & Synthesis Status        ; Failed - Mon Jan 13 01:56:59 2020           ;
; Quartus Prime Version              ; 18.1.0 Build 625 09/12/2018 SJ Lite Edition ;
; Revision Name                      ; UART_Cyc1000                                ;
; Top-level Entity Name              ; main                                        ;
; Family                             ; Cyclone 10 LP                               ;
; Total logic elements               ; N/A until Partition Merge                   ;
;     Total combinational functions  ; N/A until Partition Merge                   ;
;     Dedicated logic registers      ; N/A until Partition Merge                   ;
; Total registers                    ; N/A until Partition Merge                   ;
; Total pins                         ; N/A until Partition Merge                   ;
; Total virtual pins                 ; N/A until Partition Merge                   ;
; Total memory bits                  ; N/A until Partition Merge                   ;
; Embedded Multiplier 9-bit elements ; N/A until Partition Merge                   ;
; Total PLLs                         ; N/A until Partition Merge                   ;
+------------------------------------+---------------------------------------------+


+------------------------------------------------------------------------------------------------------------+
; Analysis & Synthesis Settings                                                                              ;
+------------------------------------------------------------------+--------------------+--------------------+
; Option                                                           ; Setting            ; Default Value      ;
+------------------------------------------------------------------+--------------------+--------------------+
; Device                                                           ; 10CL025YU256C8G    ;                    ;
; Top-level entity name                                            ; main               ; UART_Cyc1000       ;
; Family name                                                      ; Cyclone 10 LP      ; Cyclone V          ;
; Use smart compilation                                            ; Off                ; Off                ;
; Enable parallel Assembler and Timing Analyzer during compilation ; On                 ; On                 ;
; Enable compact report table                                      ; Off                ; Off                ;
; Restructure Multiplexers                                         ; Auto               ; Auto               ;
; Create Debugging Nodes for IP Cores                              ; Off                ; Off                ;
; Preserve fewer node names                                        ; On                 ; On                 ;
; Intel FPGA IP Evaluation Mode                                    ; Enable             ; Enable             ;
; Verilog Version                                                  ; Verilog_2001       ; Verilog_2001       ;
; VHDL Version                                                     ; VHDL_1993          ; VHDL_1993          ;
; State Machine Processing                                         ; Auto               ; Auto               ;
; Safe State Machine                                               ; Off                ; Off                ;
; Extract Verilog State Machines                                   ; On                 ; On                 ;
; Extract VHDL State Machines                                      ; On                 ; On                 ;
; Ignore Verilog initial constructs                                ; Off                ; Off                ;
; Iteration limit for constant Verilog loops                       ; 5000               ; 5000               ;
; Iteration limit for non-constant Verilog loops                   ; 250                ; 250                ;
; Add Pass-Through Logic to Inferred RAMs                          ; On                 ; On                 ;
; Infer RAMs from Raw Logic                                        ; On                 ; On                 ;
; Parallel Synthesis                                               ; On                 ; On                 ;
; DSP Block Balancing                                              ; Auto               ; Auto               ;
; NOT Gate Push-Back                                               ; On                 ; On                 ;
; Power-Up Don't Care                                              ; On                 ; On                 ;
; Remove Redundant Logic Cells                                     ; Off                ; Off                ;
; Remove Duplicate Registers                                       ; On                 ; On                 ;
; Ignore CARRY Buffers                                             ; Off                ; Off                ;
; Ignore CASCADE Buffers                                           ; Off                ; Off                ;
; Ignore GLOBAL Buffers                                            ; Off                ; Off                ;
; Ignore ROW GLOBAL Buffers                                        ; Off                ; Off                ;
; Ignore LCELL Buffers                                             ; Off                ; Off                ;
; Ignore SOFT Buffers                                              ; On                 ; On                 ;
; Limit AHDL Integers to 32 Bits                                   ; Off                ; Off                ;
; Optimization Technique                                           ; Balanced           ; Balanced           ;
; Carry Chain Length                                               ; 70                 ; 70                 ;
; Auto Carry Chains                                                ; On                 ; On                 ;
; Auto Open-Drain Pins                                             ; On                 ; On                 ;
; Perform WYSIWYG Primitive Resynthesis                            ; Off                ; Off                ;
; Auto ROM Replacement                                             ; On                 ; On                 ;
; Auto RAM Replacement                                             ; On                 ; On                 ;
; Auto DSP Block Replacement                                       ; On                 ; On                 ;
; Auto Shift Register Replacement                                  ; Auto               ; Auto               ;
; Allow Shift Register Merging across Hierarchies                  ; Auto               ; Auto               ;
; Auto Clock Enable Replacement                                    ; On                 ; On                 ;
; Strict RAM Replacement                                           ; Off                ; Off                ;
; Allow Synchronous Control Signals                                ; On                 ; On                 ;
; Force Use of Synchronous Clear Signals                           ; Off                ; Off                ;
; Auto RAM Block Balancing                                         ; On                 ; On                 ;
; Auto RAM to Logic Cell Conversion                                ; Off                ; Off                ;
; Auto Resource Sharing                                            ; Off                ; Off                ;
; Allow Any RAM Size For Recognition                               ; Off                ; Off                ;
; Allow Any ROM Size For Recognition                               ; Off                ; Off                ;
; Allow Any Shift Register Size For Recognition                    ; Off                ; Off                ;
; Use LogicLock Constraints during Resource Balancing              ; On                 ; On                 ;
; Ignore translate_off and synthesis_off directives                ; Off                ; Off                ;
; Timing-Driven Synthesis                                          ; On                 ; On                 ;
; Report Parameter Settings                                        ; On                 ; On                 ;
; Report Source Assignments                                        ; On                 ; On                 ;
; Report Connectivity Checks                                       ; On                 ; On                 ;
; Ignore Maximum Fan-Out Assignments                               ; Off                ; Off                ;
; Synchronization Register Chain Length                            ; 2                  ; 2                  ;
; Power Optimization During Synthesis                              ; Normal compilation ; Normal compilation ;
; HDL message level                                                ; Level2             ; Level2             ;
; Suppress Register Optimization Related Messages                  ; Off                ; Off                ;
; Number of Removed Registers Reported in Synthesis Report         ; 5000               ; 5000               ;
; Number of Swept Nodes Reported in Synthesis Report               ; 5000               ; 5000               ;
; Number of Inverted Registers Reported in Synthesis Report        ; 100                ; 100                ;
; Clock MUX Protection                                             ; On                 ; On                 ;
; Auto Gated Clock Conversion                                      ; Off                ; Off                ;
; Block Design Naming                                              ; Auto               ; Auto               ;
; SDC constraint protection                                        ; Off                ; Off                ;
; Synthesis Effort                                                 ; Auto               ; Auto               ;
; Shift Register Replacement - Allow Asynchronous Clear Signal     ; On                 ; On                 ;
; Pre-Mapping Resynthesis Optimization                             ; Off                ; Off                ;
; Analysis & Synthesis Message Level                               ; Medium             ; Medium             ;
; Disable Register Merging Across Hierarchies                      ; Auto               ; Auto               ;
; Resource Aware Inference For Block RAM                           ; On                 ; On                 ;
+------------------------------------------------------------------+--------------------+--------------------+


+------------------------------------------+
; Parallel Compilation                     ;
+----------------------------+-------------+
; Processors                 ; Number      ;
+----------------------------+-------------+
; Number detected on machine ; 4           ;
; Maximum allowed            ; 2           ;
;                            ;             ;
; Average used               ; 1.00        ;
; Maximum used               ; 1           ;
;                            ;             ;
; Usage by Processor         ; % Time Used ;
;     Processor 1            ; 100.0%      ;
+----------------------------+-------------+


+-------------------------------+
; Analysis & Synthesis Messages ;
+-------------------------------+
Info: *******************************************************************
Info: Running Quartus Prime Analysis & Synthesis
    Info: Version 18.1.0 Build 625 09/12/2018 SJ Lite Edition
    Info: Processing started: Mon Jan 13 01:56:46 2020
Info: Command: quartus_map --read_settings_files=on --write_settings_files=off UART_Cyc1000 -c UART_Cyc1000
Warning (18236): Number of processors has not been specified which may cause overloading on shared machines.  Set the global assignment NUM_PARALLEL_PROCESSORS in your QSF to an appropriate value for best performance.
Info (20030): Parallel compilation is enabled and will use 2 of the 2 processors detected
Info (12021): Found 2 design units, including 1 entities, in source file bme280.vhd
    Info (12022): Found design unit 1: i2c_leds-Behavioral File: C:/Users/ADMIN/Desktop/FPGAONTHECAR/bme280.vhd Line: 20
    Info (12023): Found entity 1: i2c_leds File: C:/Users/ADMIN/Desktop/FPGAONTHECAR/bme280.vhd Line: 4
Info (12021): Found 2 design units, including 1 entities, in source file i2c_master.vhd
    Info (12022): Found design unit 1: i2c_master-logic File: C:/Users/ADMIN/Desktop/FPGAONTHECAR/i2c_master.vhd Line: 44
    Info (12023): Found entity 1: i2c_master File: C:/Users/ADMIN/Desktop/FPGAONTHECAR/i2c_master.vhd Line: 26
Info (12021): Found 2 design units, including 1 entities, in source file fifo.vhd
    Info (12022): Found design unit 1: fifo-rtl File: C:/Users/ADMIN/Desktop/FPGAONTHECAR/fifo.vhd Line: 56
    Info (12023): Found entity 1: fifo File: C:/Users/ADMIN/Desktop/FPGAONTHECAR/fifo.vhd Line: 35
Info (12021): Found 2 design units, including 1 entities, in source file dc motor.vhd
    Info (12022): Found design unit 1: dc_motor-Behavioral File: C:/Users/ADMIN/Desktop/FPGAONTHECAR/dc motor.vhd Line: 23
    Info (12023): Found entity 1: dc_motor File: C:/Users/ADMIN/Desktop/FPGAONTHECAR/dc motor.vhd Line: 9
Info (12021): Found 2 design units, including 1 entities, in source file uart_tx.vhd
    Info (12022): Found design unit 1: uart_tx-Behavioral File: C:/Users/ADMIN/Desktop/FPGAONTHECAR/uart_tx.vhd Line: 22
    Info (12023): Found entity 1: uart_tx File: C:/Users/ADMIN/Desktop/FPGAONTHECAR/uart_tx.vhd Line: 7
Info (12021): Found 2 design units, including 1 entities, in source file uart_rx.vhd
    Info (12022): Found design unit 1: uart_rx-Behavioral File: C:/Users/ADMIN/Desktop/FPGAONTHECAR/uart_rx.vhd Line: 21
    Info (12023): Found entity 1: uart_rx File: C:/Users/ADMIN/Desktop/FPGAONTHECAR/uart_rx.vhd Line: 7
Info (12021): Found 2 design units, including 1 entities, in source file main.vhd
    Info (12022): Found design unit 1: main-Behavioral File: C:/Users/ADMIN/Desktop/FPGAONTHECAR/main.vhd Line: 20
    Info (12023): Found entity 1: main File: C:/Users/ADMIN/Desktop/FPGAONTHECAR/main.vhd Line: 5
Info (12127): Elaborating entity "main" for the top level hierarchy
Warning (10036): Verilog HDL or VHDL warning at main.vhd(130): object "r_data" assigned a value but never read File: C:/Users/ADMIN/Desktop/FPGAONTHECAR/main.vhd Line: 130
Warning (10036): Verilog HDL or VHDL warning at main.vhd(132): object "r_tx_data" assigned a value but never read File: C:/Users/ADMIN/Desktop/FPGAONTHECAR/main.vhd Line: 132
Warning (10036): Verilog HDL or VHDL warning at main.vhd(140): object "w_FULL" assigned a value but never read File: C:/Users/ADMIN/Desktop/FPGAONTHECAR/main.vhd Line: 140
Warning (10036): Verilog HDL or VHDL warning at main.vhd(143): object "w_EMPTY" assigned a value but never read File: C:/Users/ADMIN/Desktop/FPGAONTHECAR/main.vhd Line: 143
Warning (10541): VHDL Signal Declaration warning at main.vhd(148): used implicit default value for signal "config" because signal was never assigned a value or an explicit default value. Use of implicit default value may introduce unintended design optimizations. File: C:/Users/ADMIN/Desktop/FPGAONTHECAR/main.vhd Line: 148
Warning (10036): Verilog HDL or VHDL warning at main.vhd(157): object "temperature" assigned a value but never read File: C:/Users/ADMIN/Desktop/FPGAONTHECAR/main.vhd Line: 157
Warning (10036): Verilog HDL or VHDL warning at main.vhd(159): object "i2c_ack_err" assigned a value but never read File: C:/Users/ADMIN/Desktop/FPGAONTHECAR/main.vhd Line: 159
Warning (10036): Verilog HDL or VHDL warning at main.vhd(168): object "enable" assigned a value but never read File: C:/Users/ADMIN/Desktop/FPGAONTHECAR/main.vhd Line: 168
Warning (10036): Verilog HDL or VHDL warning at main.vhd(169): object "output1" assigned a value but never read File: C:/Users/ADMIN/Desktop/FPGAONTHECAR/main.vhd Line: 169
Warning (10036): Verilog HDL or VHDL warning at main.vhd(170): object "output2" assigned a value but never read File: C:/Users/ADMIN/Desktop/FPGAONTHECAR/main.vhd Line: 170
Warning (10036): Verilog HDL or VHDL warning at main.vhd(171): object "enable2" assigned a value but never read File: C:/Users/ADMIN/Desktop/FPGAONTHECAR/main.vhd Line: 171
Warning (10492): VHDL Process Statement warning at main.vhd(266): signal "in_clk" is read inside the Process Statement but isn't in the Process Statement's sensitivity list File: C:/Users/ADMIN/Desktop/FPGAONTHECAR/main.vhd Line: 266
Error (10028): Can't resolve multiple constant drivers for net "r_data_cntrl.IDLE" at main.vhd(297) File: C:/Users/ADMIN/Desktop/FPGAONTHECAR/main.vhd Line: 297
Error (10029): Constant driver at main.vhd(261) File: C:/Users/ADMIN/Desktop/FPGAONTHECAR/main.vhd Line: 261
Error (10028): Can't resolve multiple constant drivers for net "r_data_cntrl.REC" at main.vhd(297) File: C:/Users/ADMIN/Desktop/FPGAONTHECAR/main.vhd Line: 297
Error (10028): Can't resolve multiple constant drivers for net "r_data_cntrl.SEND" at main.vhd(297) File: C:/Users/ADMIN/Desktop/FPGAONTHECAR/main.vhd Line: 297
Error (10028): Can't resolve multiple constant drivers for net "r_RD_EN" at main.vhd(301) File: C:/Users/ADMIN/Desktop/FPGAONTHECAR/main.vhd Line: 301
Error (10029): Constant driver at main.vhd(263) File: C:/Users/ADMIN/Desktop/FPGAONTHECAR/main.vhd Line: 263
Error (12153): Can't elaborate top-level user hierarchy
Error: Quartus Prime Analysis & Synthesis was unsuccessful. 7 errors, 13 warnings
    Error: Peak virtual memory: 4784 megabytes
    Error: Processing ended: Mon Jan 13 01:56:59 2020
    Error: Elapsed time: 00:00:13
    Error: Total CPU time (on all processors): 00:00:27


